
> public-sector-federation@1.0.0 test:starlight:visual:update /home/runner/work/public-sector-federation/public-sector-federation
> node scripts/update-starlight-visuals.mjs


Running 23 tests using 1 worker

[1/23] [chromium] › apps/starlight/tests/e2e/documentation-quality.spec.ts:68:5 › Starlight route integrity › overview renders one page title without overflow
[2/23] [chromium] › apps/starlight/tests/e2e/documentation-quality.spec.ts:68:5 › Starlight route integrity › foundations renders one page title without overflow
[3/23] [chromium] › apps/starlight/tests/e2e/documentation-quality.spec.ts:68:5 › Starlight route integrity › components renders one page title without overflow
[4/23] [chromium] › apps/starlight/tests/e2e/documentation-quality.spec.ts:68:5 › Starlight route integrity › patterns renders one page title without overflow
[5/23] [chromium] › apps/starlight/tests/e2e/documentation-quality.spec.ts:68:5 › Starlight route integrity › accessibility renders one page title without overflow
[6/23] [chromium] › apps/starlight/tests/e2e/documentation-quality.spec.ts:68:5 › Starlight route integrity › develop renders one page title without overflow
[7/23] [chromium] › apps/starlight/tests/e2e/documentation-quality.spec.ts:68:5 › Starlight route integrity › quality renders one page title without overflow
[8/23] [chromium] › apps/starlight/tests/e2e/documentation-quality.spec.ts:68:5 › Starlight route integrity › architecture renders one page title without overflow
[9/23] [chromium] › apps/starlight/tests/e2e/documentation-quality.spec.ts:68:5 › Starlight route integrity › exploration renders one page title without overflow
[10/23] [chromium] › apps/starlight/tests/e2e/documentation-quality.spec.ts:86:5 › responsive navigation and reflow › overview remains usable at 360px
[11/23] (retries) [chromium] › apps/starlight/tests/e2e/documentation-quality.spec.ts:86:5 › responsive navigation and reflow › overview remains usable at 360px (retry #1)
  1) [chromium] › apps/starlight/tests/e2e/documentation-quality.spec.ts:86:5 › responsive navigation and reflow › overview remains usable at 360px 

    Error: expect(locator).toBeAttached() failed

    Locator: getByRole('navigation').first()
    Expected: attached
    Timeout: 10000ms
    Error: element(s) not found

    Call log:
      - Expect "toBeAttached" with timeout 10000ms
      - waiting for getByRole('navigation').first()


      91 |
      92 |       const navigation = page.getByRole('navigation').first();
    > 93 |       await expect(navigation).toBeAttached();
         |                                ^
      94 |
      95 |       const expandableMenu = page.locator('button[aria-expanded]').first();
      96 |       if ((await expandableMenu.count()) > 0 && (await expandableMenu.isVisible())) {
        at /home/runner/work/public-sector-federation/public-sector-federation/apps/starlight/tests/e2e/documentation-quality.spec.ts:93:32

    attachment #1: screenshot (image/png) ──────────────────────────────────────────────────────────
    test-results/starlight/artifacts/documentation-quality-resp-1a3fa-iew-remains-usable-at-360px-chromium/test-failed-1.png
    ────────────────────────────────────────────────────────────────────────────────────────────────

    attachment #2: video (video/webm) ──────────────────────────────────────────────────────────────
    test-results/starlight/artifacts/documentation-quality-resp-1a3fa-iew-remains-usable-at-360px-chromium/video.webm
    ────────────────────────────────────────────────────────────────────────────────────────────────

    Error Context: test-results/starlight/artifacts/documentation-quality-resp-1a3fa-iew-remains-usable-at-360px-chromium/error-context.md

    Retry #1 ───────────────────────────────────────────────────────────────────────────────────────

    Error: expect(locator).toBeAttached() failed

    Locator: getByRole('navigation').first()
    Expected: attached
    Timeout: 10000ms
    Error: element(s) not found

    Call log:
      - Expect "toBeAttached" with timeout 10000ms
      - waiting for getByRole('navigation').first()


      91 |
      92 |       const navigation = page.getByRole('navigation').first();
    > 93 |       await expect(navigation).toBeAttached();
         |                                ^
      94 |
      95 |       const expandableMenu = page.locator('button[aria-expanded]').first();
      96 |       if ((await expandableMenu.count()) > 0 && (await expandableMenu.isVisible())) {
        at /home/runner/work/public-sector-federation/public-sector-federation/apps/starlight/tests/e2e/documentation-quality.spec.ts:93:32

    attachment #1: screenshot (image/png) ──────────────────────────────────────────────────────────
    test-results/starlight/artifacts/documentation-quality-resp-1a3fa-iew-remains-usable-at-360px-chromium-retry1/test-failed-1.png
    ────────────────────────────────────────────────────────────────────────────────────────────────

    attachment #2: video (video/webm) ──────────────────────────────────────────────────────────────
    test-results/starlight/artifacts/documentation-quality-resp-1a3fa-iew-remains-usable-at-360px-chromium-retry1/video.webm
    ────────────────────────────────────────────────────────────────────────────────────────────────

    Error Context: test-results/starlight/artifacts/documentation-quality-resp-1a3fa-iew-remains-usable-at-360px-chromium-retry1/error-context.md

    attachment #4: trace (application/zip) ─────────────────────────────────────────────────────────
    test-results/starlight/artifacts/documentation-quality-resp-1a3fa-iew-remains-usable-at-360px-chromium-retry1/trace.zip
    Usage:

        pnpm exec playwright show-trace test-results/starlight/artifacts/documentation-quality-resp-1a3fa-iew-remains-usable-at-360px-chromium-retry1/trace.zip

    ────────────────────────────────────────────────────────────────────────────────────────────────


[12/23] [chromium] › apps/starlight/tests/e2e/documentation-quality.spec.ts:86:5 › responsive navigation and reflow › overview remains usable at 768px
[13/23] (retries) [chromium] › apps/starlight/tests/e2e/documentation-quality.spec.ts:86:5 › responsive navigation and reflow › overview remains usable at 768px (retry #1)
  2) [chromium] › apps/starlight/tests/e2e/documentation-quality.spec.ts:86:5 › responsive navigation and reflow › overview remains usable at 768px 

    Error: expect(locator).toBeAttached() failed

    Locator: getByRole('navigation').first()
    Expected: attached
    Timeout: 10000ms
    Error: element(s) not found

    Call log:
      - Expect "toBeAttached" with timeout 10000ms
      - waiting for getByRole('navigation').first()


      91 |
      92 |       const navigation = page.getByRole('navigation').first();
    > 93 |       await expect(navigation).toBeAttached();
         |                                ^
      94 |
      95 |       const expandableMenu = page.locator('button[aria-expanded]').first();
      96 |       if ((await expandableMenu.count()) > 0 && (await expandableMenu.isVisible())) {
        at /home/runner/work/public-sector-federation/public-sector-federation/apps/starlight/tests/e2e/documentation-quality.spec.ts:93:32

    attachment #1: screenshot (image/png) ──────────────────────────────────────────────────────────
    test-results/starlight/artifacts/documentation-quality-resp-7bfaa-iew-remains-usable-at-768px-chromium/test-failed-1.png
    ────────────────────────────────────────────────────────────────────────────────────────────────

    attachment #2: video (video/webm) ──────────────────────────────────────────────────────────────
    test-results/starlight/artifacts/documentation-quality-resp-7bfaa-iew-remains-usable-at-768px-chromium/video.webm
    ────────────────────────────────────────────────────────────────────────────────────────────────

    Error Context: test-results/starlight/artifacts/documentation-quality-resp-7bfaa-iew-remains-usable-at-768px-chromium/error-context.md

    Retry #1 ───────────────────────────────────────────────────────────────────────────────────────

    Error: expect(locator).toBeAttached() failed

    Locator: getByRole('navigation').first()
    Expected: attached
    Timeout: 10000ms
    Error: element(s) not found

    Call log:
      - Expect "toBeAttached" with timeout 10000ms
      - waiting for getByRole('navigation').first()


      91 |
      92 |       const navigation = page.getByRole('navigation').first();
    > 93 |       await expect(navigation).toBeAttached();
         |                                ^
      94 |
      95 |       const expandableMenu = page.locator('button[aria-expanded]').first();
      96 |       if ((await expandableMenu.count()) > 0 && (await expandableMenu.isVisible())) {
        at /home/runner/work/public-sector-federation/public-sector-federation/apps/starlight/tests/e2e/documentation-quality.spec.ts:93:32

    attachment #1: screenshot (image/png) ──────────────────────────────────────────────────────────
    test-results/starlight/artifacts/documentation-quality-resp-7bfaa-iew-remains-usable-at-768px-chromium-retry1/test-failed-1.png
    ────────────────────────────────────────────────────────────────────────────────────────────────

    attachment #2: video (video/webm) ──────────────────────────────────────────────────────────────
    test-results/starlight/artifacts/documentation-quality-resp-7bfaa-iew-remains-usable-at-768px-chromium-retry1/video.webm
    ────────────────────────────────────────────────────────────────────────────────────────────────

    Error Context: test-results/starlight/artifacts/documentation-quality-resp-7bfaa-iew-remains-usable-at-768px-chromium-retry1/error-context.md

    attachment #4: trace (application/zip) ─────────────────────────────────────────────────────────
    test-results/starlight/artifacts/documentation-quality-resp-7bfaa-iew-remains-usable-at-768px-chromium-retry1/trace.zip
    Usage:

        pnpm exec playwright show-trace test-results/starlight/artifacts/documentation-quality-resp-7bfaa-iew-remains-usable-at-768px-chromium-retry1/trace.zip

    ────────────────────────────────────────────────────────────────────────────────────────────────


[14/23] [chromium] › apps/starlight/tests/e2e/documentation-quality.spec.ts:86:5 › responsive navigation and reflow › overview remains usable at 1024px
[15/23] (retries) [chromium] › apps/starlight/tests/e2e/documentation-quality.spec.ts:86:5 › responsive navigation and reflow › overview remains usable at 1024px (retry #1)
  3) [chromium] › apps/starlight/tests/e2e/documentation-quality.spec.ts:86:5 › responsive navigation and reflow › overview remains usable at 1024px 

    Error: expect(locator).toBeAttached() failed

    Locator: getByRole('navigation').first()
    Expected: attached
    Timeout: 10000ms
    Error: element(s) not found

    Call log:
      - Expect "toBeAttached" with timeout 10000ms
      - waiting for getByRole('navigation').first()


      91 |
      92 |       const navigation = page.getByRole('navigation').first();
    > 93 |       await expect(navigation).toBeAttached();
         |                                ^
      94 |
      95 |       const expandableMenu = page.locator('button[aria-expanded]').first();
      96 |       if ((await expandableMenu.count()) > 0 && (await expandableMenu.isVisible())) {
        at /home/runner/work/public-sector-federation/public-sector-federation/apps/starlight/tests/e2e/documentation-quality.spec.ts:93:32

    attachment #1: screenshot (image/png) ──────────────────────────────────────────────────────────
    test-results/starlight/artifacts/documentation-quality-resp-125c8-ew-remains-usable-at-1024px-chromium/test-failed-1.png
    ────────────────────────────────────────────────────────────────────────────────────────────────

    attachment #2: video (video/webm) ──────────────────────────────────────────────────────────────
    test-results/starlight/artifacts/documentation-quality-resp-125c8-ew-remains-usable-at-1024px-chromium/video.webm
    ────────────────────────────────────────────────────────────────────────────────────────────────

    Error Context: test-results/starlight/artifacts/documentation-quality-resp-125c8-ew-remains-usable-at-1024px-chromium/error-context.md

    Retry #1 ───────────────────────────────────────────────────────────────────────────────────────

    Error: expect(locator).toBeAttached() failed

    Locator: getByRole('navigation').first()
    Expected: attached
    Timeout: 10000ms
    Error: element(s) not found

    Call log:
      - Expect "toBeAttached" with timeout 10000ms
      - waiting for getByRole('navigation').first()


      91 |
      92 |       const navigation = page.getByRole('navigation').first();
    > 93 |       await expect(navigation).toBeAttached();
         |                                ^
      94 |
      95 |       const expandableMenu = page.locator('button[aria-expanded]').first();
      96 |       if ((await expandableMenu.count()) > 0 && (await expandableMenu.isVisible())) {
        at /home/runner/work/public-sector-federation/public-sector-federation/apps/starlight/tests/e2e/documentation-quality.spec.ts:93:32

    attachment #1: screenshot (image/png) ──────────────────────────────────────────────────────────
    test-results/starlight/artifacts/documentation-quality-resp-125c8-ew-remains-usable-at-1024px-chromium-retry1/test-failed-1.png
    ────────────────────────────────────────────────────────────────────────────────────────────────

    attachment #2: video (video/webm) ──────────────────────────────────────────────────────────────
    test-results/starlight/artifacts/documentation-quality-resp-125c8-ew-remains-usable-at-1024px-chromium-retry1/video.webm
    ────────────────────────────────────────────────────────────────────────────────────────────────

    Error Context: test-results/starlight/artifacts/documentation-quality-resp-125c8-ew-remains-usable-at-1024px-chromium-retry1/error-context.md

    attachment #4: trace (application/zip) ─────────────────────────────────────────────────────────
    test-results/starlight/artifacts/documentation-quality-resp-125c8-ew-remains-usable-at-1024px-chromium-retry1/trace.zip
    Usage:

        pnpm exec playwright show-trace test-results/starlight/artifacts/documentation-quality-resp-125c8-ew-remains-usable-at-1024px-chromium-retry1/trace.zip

    ────────────────────────────────────────────────────────────────────────────────────────────────


[16/23] [chromium] › apps/starlight/tests/e2e/documentation-quality.spec.ts:86:5 › responsive navigation and reflow › overview remains usable at 1280px
[17/23] (retries) [chromium] › apps/starlight/tests/e2e/documentation-quality.spec.ts:86:5 › responsive navigation and reflow › overview remains usable at 1280px (retry #1)
  4) [chromium] › apps/starlight/tests/e2e/documentation-quality.spec.ts:86:5 › responsive navigation and reflow › overview remains usable at 1280px 

    Error: expect(locator).toBeAttached() failed

    Locator: getByRole('navigation').first()
    Expected: attached
    Timeout: 10000ms
    Error: element(s) not found

    Call log:
      - Expect "toBeAttached" with timeout 10000ms
      - waiting for getByRole('navigation').first()


      91 |
      92 |       const navigation = page.getByRole('navigation').first();
    > 93 |       await expect(navigation).toBeAttached();
         |                                ^
      94 |
      95 |       const expandableMenu = page.locator('button[aria-expanded]').first();
      96 |       if ((await expandableMenu.count()) > 0 && (await expandableMenu.isVisible())) {
        at /home/runner/work/public-sector-federation/public-sector-federation/apps/starlight/tests/e2e/documentation-quality.spec.ts:93:32

    attachment #1: screenshot (image/png) ──────────────────────────────────────────────────────────
    test-results/starlight/artifacts/documentation-quality-resp-36fe0-ew-remains-usable-at-1280px-chromium/test-failed-1.png
    ────────────────────────────────────────────────────────────────────────────────────────────────

    attachment #2: video (video/webm) ──────────────────────────────────────────────────────────────
    test-results/starlight/artifacts/documentation-quality-resp-36fe0-ew-remains-usable-at-1280px-chromium/video.webm
    ────────────────────────────────────────────────────────────────────────────────────────────────

    Error Context: test-results/starlight/artifacts/documentation-quality-resp-36fe0-ew-remains-usable-at-1280px-chromium/error-context.md

    Retry #1 ───────────────────────────────────────────────────────────────────────────────────────

    Error: expect(locator).toBeAttached() failed

    Locator: getByRole('navigation').first()
    Expected: attached
    Timeout: 10000ms
    Error: element(s) not found

    Call log:
      - Expect "toBeAttached" with timeout 10000ms
      - waiting for getByRole('navigation').first()


      91 |
      92 |       const navigation = page.getByRole('navigation').first();
    > 93 |       await expect(navigation).toBeAttached();
         |                                ^
      94 |
      95 |       const expandableMenu = page.locator('button[aria-expanded]').first();
      96 |       if ((await expandableMenu.count()) > 0 && (await expandableMenu.isVisible())) {
        at /home/runner/work/public-sector-federation/public-sector-federation/apps/starlight/tests/e2e/documentation-quality.spec.ts:93:32

    attachment #1: screenshot (image/png) ──────────────────────────────────────────────────────────
    test-results/starlight/artifacts/documentation-quality-resp-36fe0-ew-remains-usable-at-1280px-chromium-retry1/test-failed-1.png
    ────────────────────────────────────────────────────────────────────────────────────────────────

    attachment #2: video (video/webm) ──────────────────────────────────────────────────────────────
    test-results/starlight/artifacts/documentation-quality-resp-36fe0-ew-remains-usable-at-1280px-chromium-retry1/video.webm
    ────────────────────────────────────────────────────────────────────────────────────────────────

    Error Context: test-results/starlight/artifacts/documentation-quality-resp-36fe0-ew-remains-usable-at-1280px-chromium-retry1/error-context.md

    attachment #4: trace (application/zip) ─────────────────────────────────────────────────────────
    test-results/starlight/artifacts/documentation-quality-resp-36fe0-ew-remains-usable-at-1280px-chromium-retry1/trace.zip
    Usage:

        pnpm exec playwright show-trace test-results/starlight/artifacts/documentation-quality-resp-36fe0-ew-remains-usable-at-1280px-chromium-retry1/trace.zip

    ────────────────────────────────────────────────────────────────────────────────────────────────


[18/23] [chromium] › apps/starlight/tests/e2e/documentation-quality.spec.ts:86:5 › responsive navigation and reflow › overview remains usable at 1440px
[19/23] (retries) [chromium] › apps/starlight/tests/e2e/documentation-quality.spec.ts:86:5 › responsive navigation and reflow › overview remains usable at 1440px (retry #1)
  5) [chromium] › apps/starlight/tests/e2e/documentation-quality.spec.ts:86:5 › responsive navigation and reflow › overview remains usable at 1440px 

    Error: expect(locator).toBeAttached() failed

    Locator: getByRole('navigation').first()
    Expected: attached
    Timeout: 10000ms
    Error: element(s) not found

    Call log:
      - Expect "toBeAttached" with timeout 10000ms
      - waiting for getByRole('navigation').first()


      91 |
      92 |       const navigation = page.getByRole('navigation').first();
    > 93 |       await expect(navigation).toBeAttached();
         |                                ^
      94 |
      95 |       const expandableMenu = page.locator('button[aria-expanded]').first();
      96 |       if ((await expandableMenu.count()) > 0 && (await expandableMenu.isVisible())) {
        at /home/runner/work/public-sector-federation/public-sector-federation/apps/starlight/tests/e2e/documentation-quality.spec.ts:93:32

    attachment #1: screenshot (image/png) ──────────────────────────────────────────────────────────
    test-results/starlight/artifacts/documentation-quality-resp-a730c-ew-remains-usable-at-1440px-chromium/test-failed-1.png
    ────────────────────────────────────────────────────────────────────────────────────────────────

    attachment #2: video (video/webm) ──────────────────────────────────────────────────────────────
    test-results/starlight/artifacts/documentation-quality-resp-a730c-ew-remains-usable-at-1440px-chromium/video.webm
    ────────────────────────────────────────────────────────────────────────────────────────────────

    Error Context: test-results/starlight/artifacts/documentation-quality-resp-a730c-ew-remains-usable-at-1440px-chromium/error-context.md

    Retry #1 ───────────────────────────────────────────────────────────────────────────────────────

    Error: expect(locator).toBeAttached() failed

    Locator: getByRole('navigation').first()
    Expected: attached
    Timeout: 10000ms
    Error: element(s) not found

    Call log:
      - Expect "toBeAttached" with timeout 10000ms
      - waiting for getByRole('navigation').first()


      91 |
      92 |       const navigation = page.getByRole('navigation').first();
    > 93 |       await expect(navigation).toBeAttached();
         |                                ^
      94 |
      95 |       const expandableMenu = page.locator('button[aria-expanded]').first();
      96 |       if ((await expandableMenu.count()) > 0 && (await expandableMenu.isVisible())) {
        at /home/runner/work/public-sector-federation/public-sector-federation/apps/starlight/tests/e2e/documentation-quality.spec.ts:93:32

    attachment #1: screenshot (image/png) ──────────────────────────────────────────────────────────
    test-results/starlight/artifacts/documentation-quality-resp-a730c-ew-remains-usable-at-1440px-chromium-retry1/test-failed-1.png
    ────────────────────────────────────────────────────────────────────────────────────────────────

    attachment #2: video (video/webm) ──────────────────────────────────────────────────────────────
    test-results/starlight/artifacts/documentation-quality-resp-a730c-ew-remains-usable-at-1440px-chromium-retry1/video.webm
    ────────────────────────────────────────────────────────────────────────────────────────────────

    Error Context: test-results/starlight/artifacts/documentation-quality-resp-a730c-ew-remains-usable-at-1440px-chromium-retry1/error-context.md

    attachment #4: trace (application/zip) ─────────────────────────────────────────────────────────
    test-results/starlight/artifacts/documentation-quality-resp-a730c-ew-remains-usable-at-1440px-chromium-retry1/trace.zip
    Usage:

        pnpm exec playwright show-trace test-results/starlight/artifacts/documentation-quality-resp-a730c-ew-remains-usable-at-1440px-chromium-retry1/trace.zip

    ────────────────────────────────────────────────────────────────────────────────────────────────


[20/23] [chromium] › apps/starlight/tests/e2e/documentation-quality.spec.ts:104:3 › responsive navigation and reflow › content reflows at the 320 CSS-pixel equivalent of 200% zoom
[21/23] [chromium] › apps/starlight/tests/e2e/documentation-quality.spec.ts:113:3 › theme and accessibility contracts › shared token dark mode follows the Starlight theme
[22/23] [chromium] › apps/starlight/tests/e2e/documentation-quality.spec.ts:120:5 › theme and accessibility contracts › /docs/ has no serious or critical axe violations
[23/23] [chromium] › apps/starlight/tests/e2e/documentation-quality.spec.ts:120:5 › theme and accessibility contracts › /docs/components/ has no serious or critical axe violations
[24/23] [chromium] › apps/starlight/tests/e2e/documentation-quality.spec.ts:120:5 › theme and accessibility contracts › /docs/architecture/ has no serious or critical axe violations
[25/23] [chromium] › apps/starlight/tests/e2e/documentation-quality.spec.ts:132:3 › theme and accessibility contracts › critical overview semantics retain their accessibility-tree shape
[26/23] [chromium] › apps/starlight/tests/e2e/documentation-quality.spec.ts:144:3 › human-reviewed visual baselines › overview light desktop
[chromium] › apps/starlight/tests/e2e/documentation-quality.spec.ts:144:3 › human-reviewed visual baselines › overview light desktop
A snapshot doesn't exist at /home/runner/work/public-sector-federation/public-sector-federation/apps/starlight/tests/e2e/documentation-quality.spec.ts-snapshots/overview-light-desktop-chromium-linux.png, writing actual.

[27/23] [chromium] › apps/starlight/tests/e2e/documentation-quality.spec.ts:155:3 › human-reviewed visual baselines › overview dark desktop
[chromium] › apps/starlight/tests/e2e/documentation-quality.spec.ts:155:3 › human-reviewed visual baselines › overview dark desktop
A snapshot doesn't exist at /home/runner/work/public-sector-federation/public-sector-federation/apps/starlight/tests/e2e/documentation-quality.spec.ts-snapshots/overview-dark-desktop-chromium-linux.png, writing actual.

[28/23] [chromium] › apps/starlight/tests/e2e/documentation-quality.spec.ts:166:3 › human-reviewed visual baselines › overview light mobile
[chromium] › apps/starlight/tests/e2e/documentation-quality.spec.ts:166:3 › human-reviewed visual baselines › overview light mobile
A snapshot doesn't exist at /home/runner/work/public-sector-federation/public-sector-federation/apps/starlight/tests/e2e/documentation-quality.spec.ts-snapshots/overview-light-mobile-chromium-linux.png, writing actual.

  5 failed
    [chromium] › apps/starlight/tests/e2e/documentation-quality.spec.ts:86:5 › responsive navigation and reflow › overview remains usable at 360px 
    [chromium] › apps/starlight/tests/e2e/documentation-quality.spec.ts:86:5 › responsive navigation and reflow › overview remains usable at 768px 
    [chromium] › apps/starlight/tests/e2e/documentation-quality.spec.ts:86:5 › responsive navigation and reflow › overview remains usable at 1024px 
    [chromium] › apps/starlight/tests/e2e/documentation-quality.spec.ts:86:5 › responsive navigation and reflow › overview remains usable at 1280px 
    [chromium] › apps/starlight/tests/e2e/documentation-quality.spec.ts:86:5 › responsive navigation and reflow › overview remains usable at 1440px 
  18 passed (2.5m)
 ELIFECYCLE  Command failed with exit code 1.
